<?xml version="1.0" encoding="UTF-8"?>
<!-- Generated by org.testng.reporters.JUnitXMLReporter -->
<testsuite hostname="Inthiyaz" ignored="0" name="Default test" tests="2" failures="0" timestamp="06 Jan 2022 11:32:37 GMT" time="27.218" errors="0">
  <testcase name="Verify_Index_Page" time="0.545" classname="com.org.MyStore.Testcases.SearchResult_Page_Test"/>
  <testcase name="Verify_SearchResult_Page" time="6.438" classname="com.org.MyStore.Testcases.SearchResult_Page_Test"/>
</testsuite> <!-- Default test -->
