<?xml version="1.0" encoding="UTF-8"?>
<!-- Generated by org.testng.reporters.JUnitXMLReporter -->
<testsuite hostname="Inthiyaz" ignored="0" name="Test" tests="1" failures="1" timestamp="05 Jan 2022 12:57:30 GMT" time="25.684" errors="0">
  <testcase name="Verify_Index_Page_Test" time="0.114" classname="com.org.MyStore.Testcases.Index_Page_Test">
    <failure type="java.lang.AssertionError" message="expected [true] but found [false]">
      <![CDATA[java.lang.AssertionError: expected [true] but found [false]
	at com.org.MyStore.Testcases.Index_Page_Test.Verify_Index_Page_Test(Index_Page_Test.java:46)
... Removed 29 stack frames]]>
    </failure>
  </testcase> <!-- Verify_Index_Page_Test -->
</testsuite> <!-- Test -->
