<?xml version="1.0" encoding="UTF-8"?>
<testng-results skipped="0" failed="0" ignored="0" total="2" passed="2">
  <reporter-output>
  </reporter-output>
  <suite name="Default suite" duration-ms="27218" started-at="2022-01-06T11:32:09Z" finished-at="2022-01-06T11:32:36Z">
    <groups>
    </groups>
    <test name="Default test" duration-ms="27218" started-at="2022-01-06T11:32:09Z" finished-at="2022-01-06T11:32:36Z">
      <class name="com.org.MyStore.Testcases.SearchResult_Page_Test">
        <test-method status="PASS" signature="SetUp()[pri:0, instance:com.org.MyStore.Testcases.SearchResult_Page_Test@6e1ec318]" name="SetUp" is-config="true" duration-ms="16229" started-at="2022-01-06T17:02:09Z" finished-at="2022-01-06T17:02:25Z">
          <reporter-output>
          </reporter-output>
        </test-method> <!-- SetUp -->
        <test-method status="PASS" signature="Verify_Index_Page()[pri:1, instance:com.org.MyStore.Testcases.SearchResult_Page_Test@6e1ec318]" name="Verify_Index_Page" duration-ms="545" started-at="2022-01-06T17:02:25Z" finished-at="2022-01-06T17:02:26Z">
          <reporter-output>
          </reporter-output>
        </test-method> <!-- Verify_Index_Page -->
        <test-method status="PASS" signature="Verify_SearchResult_Page()[pri:2, instance:com.org.MyStore.Testcases.SearchResult_Page_Test@6e1ec318]" name="Verify_SearchResult_Page" duration-ms="6438" started-at="2022-01-06T17:02:26Z" finished-at="2022-01-06T17:02:32Z">
          <reporter-output>
          </reporter-output>
        </test-method> <!-- Verify_SearchResult_Page -->
        <test-method status="PASS" signature="TearDown()[pri:0, instance:com.org.MyStore.Testcases.SearchResult_Page_Test@6e1ec318]" name="TearDown" is-config="true" duration-ms="3953" started-at="2022-01-06T17:02:32Z" finished-at="2022-01-06T17:02:36Z">
          <reporter-output>
          </reporter-output>
        </test-method> <!-- TearDown -->
      </class> <!-- com.org.MyStore.Testcases.SearchResult_Page_Test -->
    </test> <!-- Default test -->
  </suite> <!-- Default suite -->
</testng-results>
